<?xml version="1.0" encoding="UTF-8"?>
<testng-results skipped="1" failed="1" total="4" passed="2">
  <reporter-output>
  </reporter-output>
  <suite name="Suite" duration-ms="69938" started-at="2021-03-09T01:30:28Z" finished-at="2021-03-09T01:31:38Z">
    <groups>
    </groups>
    <test name="chromeTest" duration-ms="68481" started-at="2021-03-09T01:30:28Z" finished-at="2021-03-09T01:31:37Z">
      <class name="testCases.TC_IRCTC_001">
        <test-method status="PASS" signature="setupMethod(java.lang.String)[pri:0, instance:testCases.TC_IRCTC_001@4afcd809]" name="setupMethod" is-config="true" duration-ms="65019" started-at="2021-03-08T20:30:28Z" finished-at="2021-03-08T20:31:33Z">
          <params>
            <param index="0">
              <value>
                <![CDATA[chrome]]>
              </value>
            </param>
          </params>
          <reporter-output>
          </reporter-output>
        </test-method> <!-- setupMethod -->
        <test-method status="PASS" signature="testMethod_001()[pri:0, instance:testCases.TC_IRCTC_001@4afcd809]" name="testMethod_001" duration-ms="2774" started-at="2021-03-08T20:31:33Z" finished-at="2021-03-08T20:31:36Z">
          <reporter-output>
          </reporter-output>
        </test-method> <!-- testMethod_001 -->
        <test-method status="PASS" signature="closeBrowser()[pri:0, instance:testCases.TC_IRCTC_001@4afcd809]" name="closeBrowser" is-config="true" duration-ms="356" started-at="2021-03-08T20:31:36Z" finished-at="2021-03-08T20:31:37Z">
          <reporter-output>
          </reporter-output>
        </test-method> <!-- closeBrowser -->
      </class> <!-- testCases.TC_IRCTC_001 -->
    </test> <!-- chromeTest -->
    <test name="IETest" duration-ms="69552" started-at="2021-03-09T01:30:28Z" finished-at="2021-03-09T01:31:38Z">
      <class name="testCases.TC_IRCTC_001">
        <test-method status="FAIL" signature="setupMethod(java.lang.String)[pri:0, instance:testCases.TC_IRCTC_001@75d4a5c2]" name="setupMethod" is-config="true" duration-ms="0" started-at="2021-03-08T20:30:28Z" finished-at="2021-03-08T20:30:28Z">
          <params>
            <param index="0">
              <value>
                <![CDATA[ie]]>
              </value>
            </param>
          </params>
          <exception class="org.openqa.selenium.remote.UnreachableBrowserException">
            <message>
              <![CDATA[Error communicating with the remote browser. It may have died.
Build info: version: '4.0.0-alpha-7', revision: 'de8579b6d5'
System info: host: 'DESKTOP-PEJRVTF', ip: '10.0.0.168', os.name: 'Windows 10', os.arch: 'amd64', os.version: '10.0', java.version: '1.8.0_171'
Driver info: driver.version: RemoteWebDriver
Capabilities {acceptInsecureCerts: false, browserName: internet explorer, browserVersion: 11, javascriptEnabled: true, pageLoadStrategy: normal, platform: WINDOWS, platformName: WINDOWS, proxy: Proxy(), se:ieOptions: {browserAttachTimeout: 0, elementScrollBehavior: 0, enablePersistentHover: true, ie.browserCommandLineSwitches: , ie.edgechromium: false, ie.edgepath: , ie.ensureCleanSession: false, ie.fileUploadDialogTimeout: 3000, ie.forceCreateProcessApi: false, ignoreProtectedModeSettings: false, ignoreZoomSetting: false, initialBrowserUrl: http://localhost:19506/, nativeEvents: true, requireWindowFocus: false}, setWindowRect: true, strictFileInteractability: false, timeouts: {implicit: 0, pageLoad: 300000, script: 30000}, unhandledPromptBehavior: dismiss and notify}
Session ID: 087db8ac-3e2b-49cc-a402-00b4008dd7e1]]>
            </message>
            <full-stacktrace>
              <![CDATA[org.openqa.selenium.remote.UnreachableBrowserException: Error communicating with the remote browser. It may have died.
Build info: version: '4.0.0-alpha-7', revision: 'de8579b6d5'
System info: host: 'DESKTOP-PEJRVTF', ip: '10.0.0.168', os.name: 'Windows 10', os.arch: 'amd64', os.version: '10.0', java.version: '1.8.0_171'
Driver info: driver.version: RemoteWebDriver
Capabilities {acceptInsecureCerts: false, browserName: internet explorer, browserVersion: 11, javascriptEnabled: true, pageLoadStrategy: normal, platform: WINDOWS, platformName: WINDOWS, proxy: Proxy(), se:ieOptions: {browserAttachTimeout: 0, elementScrollBehavior: 0, enablePersistentHover: true, ie.browserCommandLineSwitches: , ie.edgechromium: false, ie.edgepath: , ie.ensureCleanSession: false, ie.fileUploadDialogTimeout: 3000, ie.forceCreateProcessApi: false, ignoreProtectedModeSettings: false, ignoreZoomSetting: false, initialBrowserUrl: http://localhost:19506/, nativeEvents: true, requireWindowFocus: false}, setWindowRect: true, strictFileInteractability: false, timeouts: {implicit: 0, pageLoad: 300000, script: 30000}, unhandledPromptBehavior: dismiss and notify}
Session ID: 087db8ac-3e2b-49cc-a402-00b4008dd7e1
	at org.openqa.selenium.remote.RemoteWebDriver.execute(RemoteWebDriver.java:522)
	at org.openqa.selenium.remote.RemoteWebDriver.get(RemoteWebDriver.java:273)
	at testBase.BaseClass.setupMethod(BaseClass.java:60)
	at sun.reflect.NativeMethodAccessorImpl.invoke0(Native Method)
	at sun.reflect.NativeMethodAccessorImpl.invoke(Unknown Source)
	at sun.reflect.DelegatingMethodAccessorImpl.invoke(Unknown Source)
	at java.lang.reflect.Method.invoke(Unknown Source)
	at org.testng.internal.MethodInvocationHelper.invokeMethod(MethodInvocationHelper.java:86)
	at org.testng.internal.Invoker.invokeConfigurationMethod(Invoker.java:514)
	at org.testng.internal.Invoker.invokeConfigurations(Invoker.java:215)
	at org.testng.internal.Invoker.invokeConfigurations(Invoker.java:142)
	at org.testng.internal.TestMethodWorker.invokeBeforeClassMethods(TestMethodWorker.java:178)
	at org.testng.internal.TestMethodWorker.run(TestMethodWorker.java:108)
	at org.testng.TestRunner.privateRun(TestRunner.java:782)
	at org.testng.TestRunner.run(TestRunner.java:632)
	at org.testng.SuiteRunner.runTest(SuiteRunner.java:366)
	at org.testng.SuiteRunner.access$000(SuiteRunner.java:39)
	at org.testng.SuiteRunner$SuiteWorker.run(SuiteRunner.java:400)
	at org.testng.internal.thread.ThreadUtil$2.call(ThreadUtil.java:64)
	at java.util.concurrent.FutureTask.run(Unknown Source)
	at java.util.concurrent.ThreadPoolExecutor.runWorker(Unknown Source)
	at java.util.concurrent.ThreadPoolExecutor$Worker.run(Unknown Source)
	at java.lang.Thread.run(Unknown Source)
Caused by: java.lang.RuntimeException: NettyHttpHandler request execution error
	at org.openqa.selenium.remote.http.netty.NettyHttpHandler.makeCall(NettyHttpHandler.java:72)
	at org.openqa.selenium.remote.http.AddSeleniumUserAgent.lambda$apply$0(AddSeleniumUserAgent.java:42)
	at org.openqa.selenium.remote.http.Filter.lambda$andFinally$1(Filter.java:56)
	at org.openqa.selenium.remote.http.netty.NettyHttpHandler.execute(NettyHttpHandler.java:47)
	at org.openqa.selenium.remote.http.AddSeleniumUserAgent.lambda$apply$0(AddSeleniumUserAgent.java:42)
	at org.openqa.selenium.remote.http.Filter.lambda$andFinally$1(Filter.java:56)
	at org.openqa.selenium.remote.http.netty.NettyClient.execute(NettyClient.java:60)
	at org.openqa.selenium.remote.HttpCommandExecutor.execute(HttpCommandExecutor.java:164)
	at org.openqa.selenium.remote.service.DriverCommandExecutor.execute(DriverCommandExecutor.java:123)
	at org.openqa.selenium.remote.RemoteWebDriver.execute(RemoteWebDriver.java:501)
	... 22 more
Caused by: java.util.concurrent.ExecutionException: java.util.concurrent.TimeoutException: Request timeout to localhost/127.0.0.1:19506 after 60000 ms
	at java.util.concurrent.CompletableFuture.reportGet(Unknown Source)
	at java.util.concurrent.CompletableFuture.get(Unknown Source)
	at org.asynchttpclient.netty.NettyResponseFuture.get(NettyResponseFuture.java:201)
	at org.openqa.selenium.remote.http.netty.NettyHttpHandler.makeCall(NettyHttpHandler.java:57)
	... 31 more
Caused by: java.util.concurrent.TimeoutException: Request timeout to localhost/127.0.0.1:19506 after 60000 ms
	at org.asynchttpclient.netty.timeout.TimeoutTimerTask.expire(TimeoutTimerTask.java:43)
	at org.asynchttpclient.netty.timeout.RequestTimeoutTimerTask.run(RequestTimeoutTimerTask.java:50)
	at io.netty.util.HashedWheelTimer$HashedWheelTimeout.expire(HashedWheelTimer.java:672)
	at io.netty.util.HashedWheelTimer$HashedWheelBucket.expireTimeouts(HashedWheelTimer.java:747)
	at io.netty.util.HashedWheelTimer$Worker.run(HashedWheelTimer.java:472)
	at io.netty.util.concurrent.FastThreadLocalRunnable.run(FastThreadLocalRunnable.java:30)
	... 1 more
]]>
            </full-stacktrace>
          </exception> <!-- org.openqa.selenium.remote.UnreachableBrowserException -->
          <reporter-output>
          </reporter-output>
        </test-method> <!-- setupMethod -->
        <test-method status="SKIP" signature="testMethod_001()[pri:0, instance:testCases.TC_IRCTC_001@75d4a5c2]" name="testMethod_001" duration-ms="1" started-at="2021-03-08T20:31:37Z" finished-at="2021-03-08T20:31:37Z">
          <reporter-output>
          </reporter-output>
        </test-method> <!-- testMethod_001 -->
        <test-method status="FAIL" signature="testMethod_001()[pri:0, instance:testCases.TC_IRCTC_001@75d4a5c2]" name="testMethod_001" duration-ms="597" started-at="2021-03-08T20:31:37Z" finished-at="2021-03-08T20:31:38Z">
          <exception class="java.lang.NullPointerException">
            <full-stacktrace>
              <![CDATA[java.lang.NullPointerException
	at testUtilities.ExtentReportManager.onTestSkipped(ExtentReportManager.java:69)
	at org.testng.internal.Invoker.runTestListeners(Invoker.java:1685)
	at org.testng.internal.Invoker.runTestListeners(Invoker.java:1677)
	at org.testng.internal.Invoker.invokeMethod(Invoker.java:702)
	at org.testng.internal.Invoker.invokeTestMethod(Invoker.java:822)
	at org.testng.internal.Invoker.invokeTestMethods(Invoker.java:1130)
	at org.testng.internal.TestMethodWorker.invokeTestMethods(TestMethodWorker.java:129)
	at org.testng.internal.TestMethodWorker.run(TestMethodWorker.java:112)
	at org.testng.TestRunner.privateRun(TestRunner.java:782)
	at org.testng.TestRunner.run(TestRunner.java:632)
	at org.testng.SuiteRunner.runTest(SuiteRunner.java:366)
	at org.testng.SuiteRunner.access$000(SuiteRunner.java:39)
	at org.testng.SuiteRunner$SuiteWorker.run(SuiteRunner.java:400)
	at org.testng.internal.thread.ThreadUtil$2.call(ThreadUtil.java:64)
	at java.util.concurrent.FutureTask.run(Unknown Source)
	at java.util.concurrent.ThreadPoolExecutor.runWorker(Unknown Source)
	at java.util.concurrent.ThreadPoolExecutor$Worker.run(Unknown Source)
	at java.lang.Thread.run(Unknown Source)
]]>
            </full-stacktrace>
          </exception> <!-- java.lang.NullPointerException -->
          <reporter-output>
          </reporter-output>
        </test-method> <!-- testMethod_001 -->
        <test-method status="SKIP" signature="closeBrowser()[pri:0, instance:testCases.TC_IRCTC_001@75d4a5c2]" name="closeBrowser" is-config="true" duration-ms="0" started-at="2021-03-08T20:31:38Z" finished-at="2021-03-08T20:31:38Z">
          <reporter-output>
          </reporter-output>
        </test-method> <!-- closeBrowser -->
      </class> <!-- testCases.TC_IRCTC_001 -->
    </test> <!-- IETest -->
    <test name="edgeTest" duration-ms="69938" started-at="2021-03-09T01:30:28Z" finished-at="2021-03-09T01:31:38Z">
      <class name="testCases.TC_IRCTC_001">
        <test-method status="PASS" signature="setupMethod(java.lang.String)[pri:0, instance:testCases.TC_IRCTC_001@3e694b3f]" name="setupMethod" is-config="true" duration-ms="66862" started-at="2021-03-08T20:30:28Z" finished-at="2021-03-08T20:31:35Z">
          <params>
            <param index="0">
              <value>
                <![CDATA[edge]]>
              </value>
            </param>
          </params>
          <reporter-output>
          </reporter-output>
        </test-method> <!-- setupMethod -->
        <test-method status="PASS" signature="testMethod_001()[pri:0, instance:testCases.TC_IRCTC_001@3e694b3f]" name="testMethod_001" duration-ms="2501" started-at="2021-03-08T20:31:35Z" finished-at="2021-03-08T20:31:38Z">
          <reporter-output>
          </reporter-output>
        </test-method> <!-- testMethod_001 -->
        <test-method status="PASS" signature="closeBrowser()[pri:0, instance:testCases.TC_IRCTC_001@3e694b3f]" name="closeBrowser" is-config="true" duration-ms="275" started-at="2021-03-08T20:31:38Z" finished-at="2021-03-08T20:31:38Z">
          <reporter-output>
          </reporter-output>
        </test-method> <!-- closeBrowser -->
      </class> <!-- testCases.TC_IRCTC_001 -->
    </test> <!-- edgeTest -->
  </suite> <!-- Suite -->
</testng-results>
